<?xml version="1.0" encoding="UTF-8"?>
<testng-results skipped="0" failed="0" total="4" passed="4">
  <reporter-output>
  </reporter-output>
  <suite name="prod_monitoring_report" duration-ms="640813" started-at="2020-01-29T16:43:23Z" finished-at="2020-01-29T16:54:04Z">
    <groups>
    </groups>
    <test name="fms_testcase" duration-ms="609223" started-at="2020-01-29T16:43:23Z" finished-at="2020-01-29T16:53:33Z">
      <class name="com.prod_validation.app.ReportGeneration">
        <test-method status="PASS" signature="prodMonitoringSupport(java.lang.String, java.lang.String, java.lang.String)[pri:0, instance:com.prod_validation.app.ReportGeneration@7d0587f1]" name="prodMonitoringSupport" duration-ms="608691" started-at="2020-01-29T22:13:23Z" finished-at="2020-01-29T22:23:32Z">
          <params>
            <param index="0">
              <value>
                <![CDATA[fms]]>
              </value>
            </param>
            <param index="1">
              <value>
                <![CDATA[2018]]>
              </value>
            </param>
            <param index="2">
              <value>
                <![CDATA[01]]>
              </value>
            </param>
          </params>
          <reporter-output>
          </reporter-output>
        </test-method> <!-- prodMonitoringSupport -->
        <test-method status="PASS" signature="publishReport()[pri:0, instance:com.prod_validation.app.ReportGeneration@7d0587f1]" name="publishReport" is-config="true" duration-ms="518" started-at="2020-01-29T22:23:32Z" finished-at="2020-01-29T22:23:33Z">
          <reporter-output>
          </reporter-output>
        </test-method> <!-- publishReport -->
      </class> <!-- com.prod_validation.app.ReportGeneration -->
    </test> <!-- fms_testcase -->
    <test name="processing_metrics_test" duration-ms="13112" started-at="2020-01-29T16:53:33Z" finished-at="2020-01-29T16:53:46Z">
      <class name="com.prod_validation.app.ReportGeneration">
        <test-method status="PASS" signature="prodMonitoringSupport(java.lang.String, java.lang.String, java.lang.String)[pri:0, instance:com.prod_validation.app.ReportGeneration@5f282abb]" name="prodMonitoringSupport" duration-ms="12970" started-at="2020-01-29T22:23:33Z" finished-at="2020-01-29T22:23:46Z">
          <params>
            <param index="0">
              <value>
                <![CDATA[pm]]>
              </value>
            </param>
            <param index="1">
              <value>
                <![CDATA[2018]]>
              </value>
            </param>
            <param index="2">
              <value>
                <![CDATA[01]]>
              </value>
            </param>
          </params>
          <reporter-output>
          </reporter-output>
        </test-method> <!-- prodMonitoringSupport -->
        <test-method status="PASS" signature="publishReport()[pri:0, instance:com.prod_validation.app.ReportGeneration@5f282abb]" name="publishReport" is-config="true" duration-ms="131" started-at="2020-01-29T22:23:46Z" finished-at="2020-01-29T22:23:46Z">
          <reporter-output>
          </reporter-output>
        </test-method> <!-- publishReport -->
      </class> <!-- com.prod_validation.app.ReportGeneration -->
    </test> <!-- processing_metrics_test -->
    <test name="safety_indicator_logic_test" duration-ms="18319" started-at="2020-01-29T16:53:46Z" finished-at="2020-01-29T16:54:04Z">
      <class name="com.prod_validation.app.ReportGeneration">
        <test-method status="PASS" signature="prodMonitoringSupport(java.lang.String, java.lang.String, java.lang.String)[pri:0, instance:com.prod_validation.app.ReportGeneration@74650e52]" name="prodMonitoringSupport" duration-ms="18212" started-at="2020-01-29T22:23:46Z" finished-at="2020-01-29T22:24:04Z">
          <params>
            <param index="0">
              <value>
                <![CDATA[si]]>
              </value>
            </param>
            <param index="1">
              <value>
                <![CDATA[2018]]>
              </value>
            </param>
            <param index="2">
              <value>
                <![CDATA[01]]>
              </value>
            </param>
          </params>
          <reporter-output>
          </reporter-output>
        </test-method> <!-- prodMonitoringSupport -->
        <test-method status="PASS" signature="publishReport()[pri:0, instance:com.prod_validation.app.ReportGeneration@74650e52]" name="publishReport" is-config="true" duration-ms="95" started-at="2020-01-29T22:24:04Z" finished-at="2020-01-29T22:24:04Z">
          <reporter-output>
          </reporter-output>
        </test-method> <!-- publishReport -->
      </class> <!-- com.prod_validation.app.ReportGeneration -->
    </test> <!-- safety_indicator_logic_test -->
    <test name="blast_logic_test" duration-ms="87" started-at="2020-01-29T16:54:04Z" finished-at="2020-01-29T16:54:04Z">
      <class name="com.prod_validation.app.ReportGeneration">
        <test-method status="PASS" signature="initialSetUp()[pri:0, instance:com.prod_validation.app.ReportGeneration@2833cc44]" name="initialSetUp" is-config="true" duration-ms="1673" started-at="2020-01-29T22:13:22Z" finished-at="2020-01-29T22:13:23Z">
          <reporter-output>
          </reporter-output>
        </test-method> <!-- initialSetUp -->
        <test-method status="PASS" signature="prodMonitoringSupport(java.lang.String, java.lang.String, java.lang.String)[pri:0, instance:com.prod_validation.app.ReportGeneration@2833cc44]" name="prodMonitoringSupport" duration-ms="4" started-at="2020-01-29T22:24:04Z" finished-at="2020-01-29T22:24:04Z">
          <params>
            <param index="0">
              <value>
                <![CDATA[bl]]>
              </value>
            </param>
            <param index="1">
              <value>
                <![CDATA[2018]]>
              </value>
            </param>
            <param index="2">
              <value>
                <![CDATA[01]]>
              </value>
            </param>
          </params>
          <reporter-output>
          </reporter-output>
        </test-method> <!-- prodMonitoringSupport -->
        <test-method status="PASS" signature="publishReport()[pri:0, instance:com.prod_validation.app.ReportGeneration@2833cc44]" name="publishReport" is-config="true" duration-ms="78" started-at="2020-01-29T22:24:04Z" finished-at="2020-01-29T22:24:04Z">
          <reporter-output>
          </reporter-output>
        </test-method> <!-- publishReport -->
      </class> <!-- com.prod_validation.app.ReportGeneration -->
    </test> <!-- blast_logic_test -->
  </suite> <!-- prod_monitoring_report -->
</testng-results>
